Using pre-set license
Built from '2020.3/staging' branch; Version is '2020.3.8f1 (507919d4fff5) revision 5273881'; Using compiler version '192528614'; Build Type 'Release'
OS: 'Windows 10 Pro; OS build 19042.1348; Version 2009; 64bit' Language: 'en' Physical Memory: 16300 MB
BatchMode: 1, IsHumanControllingUs: 0, StartBugReporterOnCrash: 0, Is64bit: 1, IsPro: 0

 COMMAND LINE ARGUMENTS:
D:\Unity\2020.3.8f1\Editor\Unity.exe
-adb2
-batchMode
-noUpm
-name
AssetImportWorker0
-projectPath
C:/Users/BUMBL/Documents/GitHub/SuperBowl/SuperBowl_clone_0
-logFile
Logs/AssetImportWorker0.log
-srvPort
58397
Successfully changed project path to: C:/Users/BUMBL/Documents/GitHub/SuperBowl/SuperBowl_clone_0
C:/Users/BUMBL/Documents/GitHub/SuperBowl/SuperBowl_clone_0
Using Asset Import Pipeline V2.
Refreshing native plugins compatible for Editor in 36.52 ms, found 0 plugins.
Preloading 0 native plugins for Editor in 0.00 ms.
Initialize engine version: 2020.3.8f1 (507919d4fff5)
[Subsystems] Discovering subsystems at path D:/Unity/2020.3.8f1/Editor/Data/Resources/UnitySubsystems
[Subsystems] Discovering subsystems at path C:/Users/BUMBL/Documents/GitHub/SuperBowl/SuperBowl_clone_0/Assets
GfxDevice: creating device client; threaded=0
Direct3D:
    Version:  Direct3D 11.0 [level 11.1]
    Renderer: NVIDIA GeForce RTX 3060 (ID=0x2504)
    Vendor:   
    VRAM:     12143 MB
    Driver:   30.0.14.7141
Initialize mono
Mono path[0] = 'D:/Unity/2020.3.8f1/Editor/Data/Managed'
Mono path[1] = 'D:/Unity/2020.3.8f1/Editor/Data/MonoBleedingEdge/lib/mono/unityjit'
Mono config path = 'D:/Unity/2020.3.8f1/Editor/Data/MonoBleedingEdge/etc'
Using monoOptions --debugger-agent=transport=dt_socket,embedding=1,server=y,suspend=n,address=127.0.0.1:56160
Begin MonoManager ReloadAssembly
Registering precompiled unity dll's ...
Register platform support module: D:/Unity/2020.3.8f1/Editor/Data/PlaybackEngines/WindowsStandaloneSupport/UnityEditor.WindowsStandalone.Extensions.dll
Registered in 0.000889 seconds.
Native extension for WindowsStandalone target not found
Refreshing native plugins compatible for Editor in 39.71 ms, found 0 plugins.
Preloading 0 native plugins for Editor in 0.00 ms.
Mono: successfully reloaded assembly
- Completed reload, in  0.698 seconds
Platform modules already initialized, skipping
Registering precompiled user dll's ...
Registered in 0.002502 seconds.
Begin MonoManager ReloadAssembly
Native extension for WindowsStandalone target not found
Refreshing native plugins compatible for Editor in 36.84 ms, found 0 plugins.
Preloading 0 native plugins for Editor in 0.00 ms.
Mono: successfully reloaded assembly
- Completed reload, in  0.728 seconds
Platform modules already initialized, skipping
========================================================================
Worker process is ready to serve import requests
Launched and connected shader compiler UnityShaderCompiler.exe after 0.04 seconds
Refreshing native plugins compatible for Editor in 0.53 ms, found 0 plugins.
Preloading 0 native plugins for Editor in 0.00 ms.
Unloading 2589 Unused Serialized files (Serialized files now loaded: 0)
System memory in use before: 124.0 MB.
System memory in use after: 124.1 MB.

Unloading 19 unused Assets to reduce memory usage. Loaded Objects now: 3047.
Total: 2.079000 ms (FindLiveObjects: 0.250500 ms CreateObjectMapping: 0.120500 ms MarkObjects: 1.609100 ms  DeleteObjects: 0.098300 ms)

========================================================================
Received Import Request.
  path: Assets/Prefabs/BulletPrefab.prefab
  artifactKey: Guid(f228793f201abfd4282f6e70360ca689) Importer(815301076,1909f56bfc062723c751e8b465ee728b)
Start importing Assets/Prefabs/BulletPrefab.prefab using Guid(f228793f201abfd4282f6e70360ca689) Importer(815301076,1909f56bfc062723c751e8b465ee728b)  -> (artifact id: '24dfa27d06eb435a77619a24b30b8d89') in 0.072677 seconds
  Import took 0.076139 seconds .

========================================================================
Received Import Request.
  Time since last request: 0.000251 seconds.
  path: Assets/Prefabs/MedKit.prefab
  artifactKey: Guid(80f8f8da05167a342bf15031ad57eca4) Importer(815301076,1909f56bfc062723c751e8b465ee728b)
Start importing Assets/Prefabs/MedKit.prefab using Guid(80f8f8da05167a342bf15031ad57eca4) Importer(815301076,1909f56bfc062723c751e8b465ee728b)  -> (artifact id: '09a160c1154d8655b4afdb0964bfbfcd') in 0.007477 seconds
  Import took 0.010523 seconds .

========================================================================
Received Import Request.
  Time since last request: 0.000203 seconds.
  path: Assets/Prefabs/PowerUp.prefab
  artifactKey: Guid(e9f31c92df8e3734186ba6ae3072c78d) Importer(815301076,1909f56bfc062723c751e8b465ee728b)
Start importing Assets/Prefabs/PowerUp.prefab using Guid(e9f31c92df8e3734186ba6ae3072c78d) Importer(815301076,1909f56bfc062723c751e8b465ee728b)  -> (artifact id: '2fb28f283f38ab062f531713b972ebe2') in 0.006408 seconds
  Import took 0.009589 seconds .

========================================================================
Received Import Request.
  Time since last request: 0.000192 seconds.
  path: Assets/Prefabs/Chat.prefab
  artifactKey: Guid(cb433011b9dffed41b9c02135943949f) Importer(815301076,1909f56bfc062723c751e8b465ee728b)
Start importing Assets/Prefabs/Chat.prefab using Guid(cb433011b9dffed41b9c02135943949f) Importer(815301076,1909f56bfc062723c751e8b465ee728b)  -> (artifact id: 'addd147e9a5fb701bae8c3a89179f8e0') in 0.021529 seconds
  Import took 0.024679 seconds .

========================================================================
Received Import Request.
  Time since last request: 0.000162 seconds.
  path: Assets/Prefabs/Data Decoration.prefab
  artifactKey: Guid(125bc20aa2ecfd244a5466e736da406b) Importer(815301076,1909f56bfc062723c751e8b465ee728b)
Start importing Assets/Prefabs/Data Decoration.prefab using Guid(125bc20aa2ecfd244a5466e736da406b) Importer(815301076,1909f56bfc062723c751e8b465ee728b)  -> (artifact id: '194662cbd03cafab48143ca0d7548540') in 0.012529 seconds
  Import took 0.015699 seconds .

========================================================================
Received Prepare
Registering precompiled user dll's ...
Registered in 0.002403 seconds.
Begin MonoManager ReloadAssembly
Native extension for WindowsStandalone target not found
Refreshing native plugins compatible for Editor in 0.55 ms, found 0 plugins.
Preloading 0 native plugins for Editor in 0.00 ms.
Mono: successfully reloaded assembly
- Completed reload, in  0.640 seconds
Platform modules already initialized, skipping
Refreshing native plugins compatible for Editor in 0.55 ms, found 0 plugins.
Preloading 0 native plugins for Editor in 0.00 ms.
Unloading 2524 Unused Serialized files (Serialized files now loaded: 0)
System memory in use before: 121.3 MB.
System memory in use after: 121.4 MB.

Unloading 14 unused Assets to reduce memory usage. Loaded Objects now: 3062.
Total: 2.459000 ms (FindLiveObjects: 0.365200 ms CreateObjectMapping: 0.211200 ms MarkObjects: 1.783800 ms  DeleteObjects: 0.097500 ms)

========================================================================
Received Prepare
Registering precompiled user dll's ...
Registered in 0.003038 seconds.
Begin MonoManager ReloadAssembly
Native extension for WindowsStandalone target not found
Refreshing native plugins compatible for Editor in 0.57 ms, found 0 plugins.
Preloading 0 native plugins for Editor in 0.00 ms.
Mono: successfully reloaded assembly
- Completed reload, in  0.822 seconds
Platform modules already initialized, skipping
Refreshing native plugins compatible for Editor in 0.67 ms, found 0 plugins.
Preloading 0 native plugins for Editor in 0.00 ms.
Unloading 2524 Unused Serialized files (Serialized files now loaded: 0)
System memory in use before: 121.3 MB.
System memory in use after: 121.5 MB.

Unloading 10 unused Assets to reduce memory usage. Loaded Objects now: 3065.
Total: 2.351600 ms (FindLiveObjects: 0.242500 ms CreateObjectMapping: 0.148400 ms MarkObjects: 1.877700 ms  DeleteObjects: 0.082200 ms)

AssetImportWorkerClient::OnTransportError - code=2 error=End of file
