Using pre-set license
Built from '2020.3/staging' branch; Version is '2020.3.8f1 (507919d4fff5) revision 5273881'; Using compiler version '192528614'; Build Type 'Release'
OS: 'Windows 10 Pro; OS build 19042.1165; Version 2009; 64bit' Language: 'en' Physical Memory: 16300 MB
BatchMode: 1, IsHumanControllingUs: 0, StartBugReporterOnCrash: 0, Is64bit: 1, IsPro: 0

 COMMAND LINE ARGUMENTS:
D:\Unity\2020.3.8f1\Editor\Unity.exe
-adb2
-batchMode
-noUpm
-name
AssetImportWorker0
-projectPath
C:/Users/BUMBL/Documents/GitHub/SuperBowl/SuperBowl
-logFile
Logs/AssetImportWorker0.log
-srvPort
64950
Successfully changed project path to: C:/Users/BUMBL/Documents/GitHub/SuperBowl/SuperBowl
C:/Users/BUMBL/Documents/GitHub/SuperBowl/SuperBowl
Using Asset Import Pipeline V2.
Refreshing native plugins compatible for Editor in 35.84 ms, found 0 plugins.
Preloading 0 native plugins for Editor in 0.00 ms.
Initialize engine version: 2020.3.8f1 (507919d4fff5)
[Subsystems] Discovering subsystems at path D:/Unity/2020.3.8f1/Editor/Data/Resources/UnitySubsystems
[Subsystems] Discovering subsystems at path C:/Users/BUMBL/Documents/GitHub/SuperBowl/SuperBowl/Assets
GfxDevice: creating device client; threaded=0
Direct3D:
    Version:  Direct3D 11.0 [level 11.1]
    Renderer: NVIDIA GeForce RTX 3060 (ID=0x2504)
    Vendor:   
    VRAM:     12143 MB
    Driver:   30.0.14.7141
Initialize mono
Mono path[0] = 'D:/Unity/2020.3.8f1/Editor/Data/Managed'
Mono path[1] = 'D:/Unity/2020.3.8f1/Editor/Data/MonoBleedingEdge/lib/mono/unityjit'
Mono config path = 'D:/Unity/2020.3.8f1/Editor/Data/MonoBleedingEdge/etc'
Using monoOptions --debugger-agent=transport=dt_socket,embedding=1,server=y,suspend=n,address=127.0.0.1:56880
Begin MonoManager ReloadAssembly
Registering precompiled unity dll's ...
Register platform support module: D:/Unity/2020.3.8f1/Editor/Data/PlaybackEngines/WindowsStandaloneSupport/UnityEditor.WindowsStandalone.Extensions.dll
Registered in 0.000875 seconds.
Native extension for WindowsStandalone target not found
Refreshing native plugins compatible for Editor in 38.18 ms, found 0 plugins.
Preloading 0 native plugins for Editor in 0.00 ms.
Mono: successfully reloaded assembly
- Completed reload, in  0.624 seconds
Platform modules already initialized, skipping
Registering precompiled user dll's ...
Registered in 0.002639 seconds.
Begin MonoManager ReloadAssembly
Native extension for WindowsStandalone target not found
Refreshing native plugins compatible for Editor in 37.09 ms, found 0 plugins.
Preloading 0 native plugins for Editor in 0.00 ms.
Mono: successfully reloaded assembly
- Completed reload, in  0.641 seconds
Platform modules already initialized, skipping
========================================================================
Worker process is ready to serve import requests
Launched and connected shader compiler UnityShaderCompiler.exe after 0.09 seconds
Refreshing native plugins compatible for Editor in 0.53 ms, found 0 plugins.
Preloading 0 native plugins for Editor in 0.00 ms.
Unloading 2567 Unused Serialized files (Serialized files now loaded: 0)
System memory in use before: 123.5 MB.
System memory in use after: 123.6 MB.

Unloading 19 unused Assets to reduce memory usage. Loaded Objects now: 3025.
Total: 1.891300 ms (FindLiveObjects: 0.263600 ms CreateObjectMapping: 0.066400 ms MarkObjects: 1.463400 ms  DeleteObjects: 0.097000 ms)

========================================================================
Received Import Request.
  path: Assets/Scripts
  artifactKey: Guid(7a9f1ee8e498cc74181fef258fdd6cb6) Importer(815301076,1909f56bfc062723c751e8b465ee728b)
Start importing Assets/Scripts using Guid(7a9f1ee8e498cc74181fef258fdd6cb6) Importer(815301076,1909f56bfc062723c751e8b465ee728b)  -> (artifact id: '02de39d21cc1e2130176201a2af2e7e4') in 0.014519 seconds
  Import took 0.018435 seconds .

========================================================================
Received Import Request.
  Time since last request: 75.424240 seconds.
  path: Assets/Scripts/testController.cs
  artifactKey: Guid(ac064058923abb440a9c3dc05ce8676c) Importer(815301076,1909f56bfc062723c751e8b465ee728b)
Start importing Assets/Scripts/testController.cs using Guid(ac064058923abb440a9c3dc05ce8676c) Importer(815301076,1909f56bfc062723c751e8b465ee728b)  -> (artifact id: 'afa86b212d76623c1a0c662fa3406090') in 0.019934 seconds
  Import took 0.023554 seconds .

========================================================================
Received Import Request.
  Time since last request: 0.151736 seconds.
  path: Assets/Scripts/BridgeLift.cs
  artifactKey: Guid(af9587b47d0d9f5428d828a2e7f4a944) Importer(815301076,1909f56bfc062723c751e8b465ee728b)
Start importing Assets/Scripts/BridgeLift.cs using Guid(af9587b47d0d9f5428d828a2e7f4a944) Importer(815301076,1909f56bfc062723c751e8b465ee728b)  -> (artifact id: 'ce34c5a5f47ab87df8a9b5b8c42c170b') in 0.002081 seconds
  Import took 0.006065 seconds .

========================================================================
Received Import Request.
  Time since last request: 0.010323 seconds.
  path: Assets/Scripts/BridgeLift.cs
  artifactKey: Guid(af9587b47d0d9f5428d828a2e7f4a944) Importer(815301076,1909f56bfc062723c751e8b465ee728b)
Start importing Assets/Scripts/BridgeLift.cs using Guid(af9587b47d0d9f5428d828a2e7f4a944) Importer(815301076,1909f56bfc062723c751e8b465ee728b)  -> (artifact id: 'ce34c5a5f47ab87df8a9b5b8c42c170b') in 0.001731 seconds
  Import took 0.005112 seconds .

========================================================================
Received Prepare
Registering precompiled user dll's ...
Registered in 0.002205 seconds.
Begin MonoManager ReloadAssembly
Native extension for WindowsStandalone target not found
Refreshing native plugins compatible for Editor in 0.53 ms, found 0 plugins.
Preloading 0 native plugins for Editor in 0.00 ms.
Mono: successfully reloaded assembly
- Completed reload, in  0.579 seconds
Platform modules already initialized, skipping
Refreshing native plugins compatible for Editor in 0.55 ms, found 0 plugins.
Preloading 0 native plugins for Editor in 0.00 ms.
Unloading 2502 Unused Serialized files (Serialized files now loaded: 0)
System memory in use before: 117.6 MB.
System memory in use after: 117.7 MB.

Unloading 10 unused Assets to reduce memory usage. Loaded Objects now: 3028.
Total: 1.580300 ms (FindLiveObjects: 0.167200 ms CreateObjectMapping: 0.053000 ms MarkObjects: 1.296700 ms  DeleteObjects: 0.062600 ms)

========================================================================
Received Prepare
Registering precompiled user dll's ...
Registered in 0.002356 seconds.
Begin MonoManager ReloadAssembly
Native extension for WindowsStandalone target not found
Refreshing native plugins compatible for Editor in 0.54 ms, found 0 plugins.
Preloading 0 native plugins for Editor in 0.00 ms.
Mono: successfully reloaded assembly
- Completed reload, in  0.608 seconds
Platform modules already initialized, skipping
Refreshing native plugins compatible for Editor in 0.53 ms, found 0 plugins.
Preloading 0 native plugins for Editor in 0.00 ms.
Unloading 2502 Unused Serialized files (Serialized files now loaded: 0)
System memory in use before: 117.6 MB.
System memory in use after: 117.8 MB.

Unloading 10 unused Assets to reduce memory usage. Loaded Objects now: 3031.
Total: 1.685800 ms (FindLiveObjects: 0.191400 ms CreateObjectMapping: 0.062700 ms MarkObjects: 1.366600 ms  DeleteObjects: 0.064400 ms)

========================================================================
Received Import Request.
  Time since last request: 1757.937795 seconds.
  path: Assets/Scripts/BridgeLift.cs
  artifactKey: Guid(af9587b47d0d9f5428d828a2e7f4a944) Importer(815301076,1909f56bfc062723c751e8b465ee728b)
Start importing Assets/Scripts/BridgeLift.cs using Guid(af9587b47d0d9f5428d828a2e7f4a944) Importer(815301076,1909f56bfc062723c751e8b465ee728b)  -> (artifact id: '39e8825184efa2639bd1ad2b378b3775') in 0.005204 seconds
  Import took 0.008566 seconds .

========================================================================
Received Import Request.
  Time since last request: 0.002872 seconds.
  path: Assets/Scripts/BridgeLift.cs
  artifactKey: Guid(af9587b47d0d9f5428d828a2e7f4a944) Importer(815301076,1909f56bfc062723c751e8b465ee728b)
Start importing Assets/Scripts/BridgeLift.cs using Guid(af9587b47d0d9f5428d828a2e7f4a944) Importer(815301076,1909f56bfc062723c751e8b465ee728b)  -> (artifact id: '39e8825184efa2639bd1ad2b378b3775') in 0.001999 seconds
  Import took 0.004693 seconds .

========================================================================
Received Prepare
Registering precompiled user dll's ...
Registered in 0.002278 seconds.
Begin MonoManager ReloadAssembly
Native extension for WindowsStandalone target not found
Refreshing native plugins compatible for Editor in 0.54 ms, found 0 plugins.
Preloading 0 native plugins for Editor in 0.00 ms.
Mono: successfully reloaded assembly
- Completed reload, in  0.610 seconds
Platform modules already initialized, skipping
Refreshing native plugins compatible for Editor in 0.56 ms, found 0 plugins.
Preloading 0 native plugins for Editor in 0.00 ms.
Unloading 2502 Unused Serialized files (Serialized files now loaded: 0)
System memory in use before: 117.6 MB.
System memory in use after: 117.8 MB.

Unloading 10 unused Assets to reduce memory usage. Loaded Objects now: 3034.
Total: 1.712900 ms (FindLiveObjects: 0.196600 ms CreateObjectMapping: 0.054000 ms MarkObjects: 1.393900 ms  DeleteObjects: 0.067800 ms)

========================================================================
Received Prepare
Registering precompiled user dll's ...
Registered in 0.002602 seconds.
Begin MonoManager ReloadAssembly
Native extension for WindowsStandalone target not found
Refreshing native plugins compatible for Editor in 0.54 ms, found 0 plugins.
Preloading 0 native plugins for Editor in 0.00 ms.
Mono: successfully reloaded assembly
- Completed reload, in  0.617 seconds
Platform modules already initialized, skipping
Refreshing native plugins compatible for Editor in 0.57 ms, found 0 plugins.
Preloading 0 native plugins for Editor in 0.00 ms.
Unloading 2502 Unused Serialized files (Serialized files now loaded: 0)
System memory in use before: 117.6 MB.
System memory in use after: 117.8 MB.

Unloading 10 unused Assets to reduce memory usage. Loaded Objects now: 3037.
Total: 1.803500 ms (FindLiveObjects: 0.210300 ms CreateObjectMapping: 0.056100 ms MarkObjects: 1.464400 ms  DeleteObjects: 0.071900 ms)

========================================================================
Received Prepare
Registering precompiled user dll's ...
Registered in 0.002364 seconds.
Begin MonoManager ReloadAssembly
Native extension for WindowsStandalone target not found
Refreshing native plugins compatible for Editor in 0.55 ms, found 0 plugins.
Preloading 0 native plugins for Editor in 0.00 ms.
Mono: successfully reloaded assembly
- Completed reload, in  0.589 seconds
Platform modules already initialized, skipping
Refreshing native plugins compatible for Editor in 0.54 ms, found 0 plugins.
Preloading 0 native plugins for Editor in 0.00 ms.
Unloading 2502 Unused Serialized files (Serialized files now loaded: 0)
System memory in use before: 117.7 MB.
System memory in use after: 117.8 MB.

Unloading 10 unused Assets to reduce memory usage. Loaded Objects now: 3040.
Total: 1.767600 ms (FindLiveObjects: 0.186200 ms CreateObjectMapping: 0.053500 ms MarkObjects: 1.421900 ms  DeleteObjects: 0.105300 ms)

========================================================================
Received Prepare
Registering precompiled user dll's ...
Registered in 0.002326 seconds.
Begin MonoManager ReloadAssembly
Native extension for WindowsStandalone target not found
Refreshing native plugins compatible for Editor in 0.54 ms, found 0 plugins.
Preloading 0 native plugins for Editor in 0.00 ms.
Mono: successfully reloaded assembly
- Completed reload, in  0.601 seconds
Platform modules already initialized, skipping
Refreshing native plugins compatible for Editor in 0.53 ms, found 0 plugins.
Preloading 0 native plugins for Editor in 0.00 ms.
Unloading 2502 Unused Serialized files (Serialized files now loaded: 0)
System memory in use before: 117.7 MB.
System memory in use after: 117.8 MB.

Unloading 10 unused Assets to reduce memory usage. Loaded Objects now: 3043.
Total: 1.709700 ms (FindLiveObjects: 0.170000 ms CreateObjectMapping: 0.061300 ms MarkObjects: 1.415900 ms  DeleteObjects: 0.061900 ms)

