Using pre-set license
Built from '2020.3/staging' branch; Version is '2020.3.8f1 (507919d4fff5) revision 5273881'; Using compiler version '192528614'; Build Type 'Release'
OS: 'Windows 10 Home; OS build 19042.1110; Version 2009; 64bit' Language: 'en' Physical Memory: 16238 MB
BatchMode: 1, IsHumanControllingUs: 0, StartBugReporterOnCrash: 0, Is64bit: 1, IsPro: 0

 COMMAND LINE ARGUMENTS:
C:\Program Files\Unity\Hub\Editor\2020.3.8f1\Editor\Unity.exe
-adb2
-batchMode
-noUpm
-name
AssetImportWorker0
-projectPath
C:/Users/BUMBL/Documents/GitHub/SuperBowl/SuperBowl
-logFile
Logs/AssetImportWorker0.log
-srvPort
61950
Successfully changed project path to: C:/Users/BUMBL/Documents/GitHub/SuperBowl/SuperBowl
C:/Users/BUMBL/Documents/GitHub/SuperBowl/SuperBowl
Using Asset Import Pipeline V2.
Refreshing native plugins compatible for Editor in 45.96 ms, found 0 plugins.
Preloading 0 native plugins for Editor in 0.00 ms.
Initialize engine version: 2020.3.8f1 (507919d4fff5)
[Subsystems] Discovering subsystems at path C:/Program Files/Unity/Hub/Editor/2020.3.8f1/Editor/Data/Resources/UnitySubsystems
[Subsystems] Discovering subsystems at path C:/Users/BUMBL/Documents/GitHub/SuperBowl/SuperBowl/Assets
GfxDevice: creating device client; threaded=0
Direct3D:
    Version:  Direct3D 11.0 [level 11.1]
    Renderer: NVIDIA GeForce GTX 1060 (ID=0x1c20)
    Vendor:   
    VRAM:     6052 MB
    Driver:   27.21.14.5167
Initialize mono
Mono path[0] = 'C:/Program Files/Unity/Hub/Editor/2020.3.8f1/Editor/Data/Managed'
Mono path[1] = 'C:/Program Files/Unity/Hub/Editor/2020.3.8f1/Editor/Data/MonoBleedingEdge/lib/mono/unityjit'
Mono config path = 'C:/Program Files/Unity/Hub/Editor/2020.3.8f1/Editor/Data/MonoBleedingEdge/etc'
Using monoOptions --debugger-agent=transport=dt_socket,embedding=1,server=y,suspend=n,address=127.0.0.1:56064
Begin MonoManager ReloadAssembly
Registering precompiled unity dll's ...
Register platform support module: C:/Program Files/Unity/Hub/Editor/2020.3.8f1/Editor/Data/PlaybackEngines/WindowsStandaloneSupport/UnityEditor.WindowsStandalone.Extensions.dll
Registered in 0.002664 seconds.
Native extension for WindowsStandalone target not found
Refreshing native plugins compatible for Editor in 43.62 ms, found 0 plugins.
Preloading 0 native plugins for Editor in 0.00 ms.
Mono: successfully reloaded assembly
- Completed reload, in  1.150 seconds
Platform modules already initialized, skipping
Registering precompiled user dll's ...
Registered in 0.001660 seconds.
Begin MonoManager ReloadAssembly
Native extension for WindowsStandalone target not found
Refreshing native plugins compatible for Editor in 43.00 ms, found 0 plugins.
Preloading 0 native plugins for Editor in 0.00 ms.
Mono: successfully reloaded assembly
- Completed reload, in  1.006 seconds
Platform modules already initialized, skipping
========================================================================
Worker process is ready to serve import requests
Launched and connected shader compiler UnityShaderCompiler.exe after 0.06 seconds
Refreshing native plugins compatible for Editor in 0.46 ms, found 0 plugins.
Preloading 0 native plugins for Editor in 0.00 ms.
Unloading 2325 Unused Serialized files (Serialized files now loaded: 0)
System memory in use before: 110.4 MB.
System memory in use after: 110.5 MB.

Unloading 15 unused Assets to reduce memory usage. Loaded Objects now: 2787.
Total: 2.091600 ms (FindLiveObjects: 0.226700 ms CreateObjectMapping: 0.091700 ms MarkObjects: 1.677100 ms  DeleteObjects: 0.095400 ms)

========================================================================
Received Import Request.
  path: Assets/Scripts/Bowling Lane Physics.physicMaterial
  artifactKey: Guid(9d5aff421d7f87b4c83235feadbc921f) Importer(815301076,1909f56bfc062723c751e8b465ee728b)
Start importing Assets/Scripts/Bowling Lane Physics.physicMaterial using Guid(9d5aff421d7f87b4c83235feadbc921f) Importer(815301076,1909f56bfc062723c751e8b465ee728b)  -> (artifact id: '4ea39d7dcf575b4b5ec11e5ea7cab833') in 0.034225 seconds
  Import took 0.037484 seconds .

========================================================================
Received Prepare
Registering precompiled user dll's ...
Registered in 0.001343 seconds.
Begin MonoManager ReloadAssembly
Native extension for WindowsStandalone target not found
Refreshing native plugins compatible for Editor in 0.44 ms, found 0 plugins.
Preloading 0 native plugins for Editor in 0.00 ms.
Mono: successfully reloaded assembly
- Completed reload, in  1.120 seconds
Platform modules already initialized, skipping
Refreshing native plugins compatible for Editor in 0.48 ms, found 0 plugins.
Preloading 0 native plugins for Editor in 0.00 ms.
Unloading 2287 Unused Serialized files (Serialized files now loaded: 0)
System memory in use before: 107.1 MB.
System memory in use after: 107.2 MB.

Unloading 6 unused Assets to reduce memory usage. Loaded Objects now: 2790.
Total: 2.038600 ms (FindLiveObjects: 0.223900 ms CreateObjectMapping: 0.110000 ms MarkObjects: 1.618300 ms  DeleteObjects: 0.085600 ms)

========================================================================
Received Import Request.
  Time since last request: 321.852957 seconds.
  path: Assets/Scripts/Bowling Lane Physics.physicMaterial
  artifactKey: Guid(9d5aff421d7f87b4c83235feadbc921f) Importer(815301076,1909f56bfc062723c751e8b465ee728b)
Start importing Assets/Scripts/Bowling Lane Physics.physicMaterial using Guid(9d5aff421d7f87b4c83235feadbc921f) Importer(815301076,1909f56bfc062723c751e8b465ee728b)  -> (artifact id: '5839e78931a9b7a11b4f395224facabc') in 0.015324 seconds
  Import took 0.018942 seconds .

========================================================================
Received Import Request.
  Time since last request: 1.090939 seconds.
  path: Assets/Scripts/Bowling Lane Physics.physicMaterial
  artifactKey: Guid(9d5aff421d7f87b4c83235feadbc921f) Importer(815301076,1909f56bfc062723c751e8b465ee728b)
Start importing Assets/Scripts/Bowling Lane Physics.physicMaterial using Guid(9d5aff421d7f87b4c83235feadbc921f) Importer(815301076,1909f56bfc062723c751e8b465ee728b)  -> (artifact id: '5839e78931a9b7a11b4f395224facabc') in 0.003319 seconds
  Import took 0.008220 seconds .

========================================================================
Received Prepare
Registering precompiled user dll's ...
Registered in 0.001087 seconds.
Begin MonoManager ReloadAssembly
Native extension for WindowsStandalone target not found
Refreshing native plugins compatible for Editor in 0.52 ms, found 0 plugins.
Preloading 0 native plugins for Editor in 0.00 ms.
Mono: successfully reloaded assembly
- Completed reload, in  1.351 seconds
Platform modules already initialized, skipping
Refreshing native plugins compatible for Editor in 0.51 ms, found 0 plugins.
Preloading 0 native plugins for Editor in 0.00 ms.
Unloading 2287 Unused Serialized files (Serialized files now loaded: 0)
System memory in use before: 107.1 MB.
System memory in use after: 107.3 MB.

Unloading 6 unused Assets to reduce memory usage. Loaded Objects now: 2793.
Total: 2.637300 ms (FindLiveObjects: 0.301600 ms CreateObjectMapping: 0.123000 ms MarkObjects: 2.074500 ms  DeleteObjects: 0.137000 ms)

========================================================================
Received Prepare
Registering precompiled user dll's ...
Registered in 0.002181 seconds.
Begin MonoManager ReloadAssembly
Native extension for WindowsStandalone target not found
Refreshing native plugins compatible for Editor in 0.41 ms, found 0 plugins.
Preloading 0 native plugins for Editor in 0.00 ms.
Mono: successfully reloaded assembly
- Completed reload, in  1.283 seconds
Platform modules already initialized, skipping
Refreshing native plugins compatible for Editor in 0.47 ms, found 0 plugins.
Preloading 0 native plugins for Editor in 0.00 ms.
Unloading 2287 Unused Serialized files (Serialized files now loaded: 0)
System memory in use before: 107.2 MB.
System memory in use after: 107.4 MB.

Unloading 6 unused Assets to reduce memory usage. Loaded Objects now: 2796.
Total: 2.284600 ms (FindLiveObjects: 0.254000 ms CreateObjectMapping: 0.099400 ms MarkObjects: 1.849400 ms  DeleteObjects: 0.080700 ms)

========================================================================
Received Prepare
Registering precompiled user dll's ...
Registered in 0.001320 seconds.
Begin MonoManager ReloadAssembly
Native extension for WindowsStandalone target not found
Refreshing native plugins compatible for Editor in 0.42 ms, found 0 plugins.
Preloading 0 native plugins for Editor in 0.00 ms.
Mono: successfully reloaded assembly
- Completed reload, in  1.019 seconds
Platform modules already initialized, skipping
Refreshing native plugins compatible for Editor in 0.45 ms, found 0 plugins.
Preloading 0 native plugins for Editor in 0.00 ms.
Unloading 2287 Unused Serialized files (Serialized files now loaded: 0)
System memory in use before: 107.3 MB.
System memory in use after: 107.4 MB.

Unloading 6 unused Assets to reduce memory usage. Loaded Objects now: 2799.
Total: 2.050700 ms (FindLiveObjects: 0.228100 ms CreateObjectMapping: 0.089000 ms MarkObjects: 1.656100 ms  DeleteObjects: 0.076400 ms)

========================================================================
Received Import Request.
  Time since last request: 2412.712985 seconds.
  path: Assets/DigitalKonstrukt/Prototyping_Pack_Free
  artifactKey: Guid(446ea8be8470aaa49943ea64dba0db8b) Importer(815301076,1909f56bfc062723c751e8b465ee728b)
Start importing Assets/DigitalKonstrukt/Prototyping_Pack_Free using Guid(446ea8be8470aaa49943ea64dba0db8b) Importer(815301076,1909f56bfc062723c751e8b465ee728b)  -> (artifact id: 'a9fe8609609e0d3b956b671240ba926a') in 0.010879 seconds
  Import took 0.015759 seconds .

========================================================================
Received Import Request.
  Time since last request: 51.444798 seconds.
  path: Assets/DigitalKonstrukt/Prototyping_Pack_Free/Resources/Meshes/PointsOfInterest
  artifactKey: Guid(8b61e839ea4396e46a850c3acff8d663) Importer(815301076,1909f56bfc062723c751e8b465ee728b)
Start importing Assets/DigitalKonstrukt/Prototyping_Pack_Free/Resources/Meshes/PointsOfInterest using Guid(8b61e839ea4396e46a850c3acff8d663) Importer(815301076,1909f56bfc062723c751e8b465ee728b)  -> (artifact id: 'bc44e58b432a259ec9edfac6a8d7e8c6') in 0.005905 seconds
  Import took 0.010273 seconds .

========================================================================
Received Import Request.
  Time since last request: 15.477851 seconds.
  path: Assets/DigitalKonstrukt/Prototyping_Pack_Free/Resources/Meshes/Collectables
  artifactKey: Guid(b4a09e698a79b9c45b6c702ab6b8d11c) Importer(815301076,1909f56bfc062723c751e8b465ee728b)
Start importing Assets/DigitalKonstrukt/Prototyping_Pack_Free/Resources/Meshes/Collectables using Guid(b4a09e698a79b9c45b6c702ab6b8d11c) Importer(815301076,1909f56bfc062723c751e8b465ee728b)  -> (artifact id: '452264dcebf2db49f831958cfa95d90b') in 0.005414 seconds
  Import took 0.011276 seconds .

========================================================================
Received Import Request.
  Time since last request: 1.114619 seconds.
  path: Assets/DigitalKonstrukt/Prototyping_Pack_Free/Resources/Meshes/Bridges
  artifactKey: Guid(e30ee5038b2b87e4ab3d90590f20a476) Importer(815301076,1909f56bfc062723c751e8b465ee728b)
Start importing Assets/DigitalKonstrukt/Prototyping_Pack_Free/Resources/Meshes/Bridges using Guid(e30ee5038b2b87e4ab3d90590f20a476) Importer(815301076,1909f56bfc062723c751e8b465ee728b)  -> (artifact id: 'c9371d432db3d6164392b0bd3d441b27') in 0.003493 seconds
  Import took 0.008334 seconds .

========================================================================
Received Import Request.
  Time since last request: 427.377767 seconds.
  path: Assets/DigitalKonstrukt/Prototyping_Pack_Free/Resources/Textures/proto_1.png
  artifactKey: Guid(183cc34fb39cd6e48854ccb835b53869) Importer(815301076,1909f56bfc062723c751e8b465ee728b)
Start importing Assets/DigitalKonstrukt/Prototyping_Pack_Free/Resources/Textures/proto_1.png using Guid(183cc34fb39cd6e48854ccb835b53869) Importer(815301076,1909f56bfc062723c751e8b465ee728b)  -> (artifact id: '7e894c717b8ad8459577f6abbb94d6cf') in 0.069091 seconds
  Import took 0.074491 seconds .

========================================================================
Received Import Request.
  Time since last request: 0.000384 seconds.
  path: Assets/DigitalKonstrukt/Prototyping_Pack_Free/Resources/Textures/proto_2.png
  artifactKey: Guid(8ddd254c86d435c438634a87443272a6) Importer(815301076,1909f56bfc062723c751e8b465ee728b)
Start importing Assets/DigitalKonstrukt/Prototyping_Pack_Free/Resources/Textures/proto_2.png using Guid(8ddd254c86d435c438634a87443272a6) Importer(815301076,1909f56bfc062723c751e8b465ee728b)  -> (artifact id: 'def10b5da08d5ad91acab52b3aa57a41') in 0.012721 seconds
  Import took 0.017337 seconds .

========================================================================
Received Import Request.
  Time since last request: 0.000430 seconds.
  path: Assets/DigitalKonstrukt/Prototyping_Pack_Free/Resources/Textures/Proto_2_512.png
  artifactKey: Guid(3db51da499d4ea74ea07211ee4f03401) Importer(815301076,1909f56bfc062723c751e8b465ee728b)
Start importing Assets/DigitalKonstrukt/Prototyping_Pack_Free/Resources/Textures/Proto_2_512.png using Guid(3db51da499d4ea74ea07211ee4f03401) Importer(815301076,1909f56bfc062723c751e8b465ee728b)  -> (artifact id: 'b43c0384b2396c6cd220bf190972a1e7') in 0.012971 seconds
  Import took 0.018914 seconds .

========================================================================
Received Import Request.
  Time since last request: 0.000365 seconds.
  path: Assets/DigitalKonstrukt/Prototyping_Pack_Free/Resources/Textures/Proto_grid.png
  artifactKey: Guid(42106d5139c46084e9338f3079c83481) Importer(815301076,1909f56bfc062723c751e8b465ee728b)
Start importing Assets/DigitalKonstrukt/Prototyping_Pack_Free/Resources/Textures/Proto_grid.png using Guid(42106d5139c46084e9338f3079c83481) Importer(815301076,1909f56bfc062723c751e8b465ee728b)  -> (artifact id: 'fde9dfb23190eeeeefa85ca136e7421e') in 0.039677 seconds
  Import took 0.053436 seconds .

========================================================================
Received Import Request.
  Time since last request: 0.000384 seconds.
  path: Assets/DigitalKonstrukt/Prototyping_Pack_Free/Resources/Textures/proto_interaction4.png
  artifactKey: Guid(7be423dc835515145a8a12b2064c96e7) Importer(815301076,1909f56bfc062723c751e8b465ee728b)
Start importing Assets/DigitalKonstrukt/Prototyping_Pack_Free/Resources/Textures/proto_interaction4.png using Guid(7be423dc835515145a8a12b2064c96e7) Importer(815301076,1909f56bfc062723c751e8b465ee728b)  -> (artifact id: 'e29f981c24004f93e33224f8b8ee912a') in 0.011839 seconds
  Import took 0.018628 seconds .

========================================================================
Received Import Request.
  Time since last request: 0.000380 seconds.
  path: Assets/DigitalKonstrukt/Prototyping_Pack_Free/Resources/Textures/Proto_1024.png
  artifactKey: Guid(c0ac9c1f50050be448e74bfe03c4ea49) Importer(815301076,1909f56bfc062723c751e8b465ee728b)
Start importing Assets/DigitalKonstrukt/Prototyping_Pack_Free/Resources/Textures/Proto_1024.png using Guid(c0ac9c1f50050be448e74bfe03c4ea49) Importer(815301076,1909f56bfc062723c751e8b465ee728b)  -> (artifact id: '0a772eaffca592bce3ca9899f93bb0ca') in 0.011498 seconds
  Import took 0.016955 seconds .

========================================================================
Received Import Request.
  Time since last request: 0.000438 seconds.
  path: Assets/DigitalKonstrukt/Prototyping_Pack_Free/Resources/Textures/proto_interaction2.png
  artifactKey: Guid(faf222c6648d2534d9bab52c325e6492) Importer(815301076,1909f56bfc062723c751e8b465ee728b)
Start importing Assets/DigitalKonstrukt/Prototyping_Pack_Free/Resources/Textures/proto_interaction2.png using Guid(faf222c6648d2534d9bab52c325e6492) Importer(815301076,1909f56bfc062723c751e8b465ee728b)  -> (artifact id: 'f3ddfa0c64a41405401f227d74830364') in 0.012514 seconds
  Import took 0.018532 seconds .

========================================================================
Received Import Request.
  Time since last request: 0.000316 seconds.
  path: Assets/DigitalKonstrukt/Prototyping_Pack_Free/Resources/Textures/Proto_2_1024.png
  artifactKey: Guid(b934295811de5ee40be9049419db3e4c) Importer(815301076,1909f56bfc062723c751e8b465ee728b)
Start importing Assets/DigitalKonstrukt/Prototyping_Pack_Free/Resources/Textures/Proto_2_1024.png using Guid(b934295811de5ee40be9049419db3e4c) Importer(815301076,1909f56bfc062723c751e8b465ee728b)  -> (artifact id: '3233b8e5e299cc556f4bd8e3ecbd8279') in 0.014114 seconds
  Import took 0.019437 seconds .

========================================================================
Received Import Request.
  Time since last request: 0.000313 seconds.
  path: Assets/DigitalKonstrukt/Prototyping_Pack_Free/Resources/Textures/proto_interaction3.png
  artifactKey: Guid(a01e8f6cbdbea3e4daec924917271957) Importer(815301076,1909f56bfc062723c751e8b465ee728b)
Start importing Assets/DigitalKonstrukt/Prototyping_Pack_Free/Resources/Textures/proto_interaction3.png using Guid(a01e8f6cbdbea3e4daec924917271957) Importer(815301076,1909f56bfc062723c751e8b465ee728b)  -> (artifact id: 'b0ae288be08033d8d8af334a8ddff758') in 0.026031 seconds
  Import took 0.031189 seconds .

========================================================================
Received Import Request.
  Time since last request: 0.000372 seconds.
  path: Assets/DigitalKonstrukt/Prototyping_Pack_Free/Resources/Textures/Proto_512.png
  artifactKey: Guid(fd8d1dc362f2e464a8c6dd071b1abda9) Importer(815301076,1909f56bfc062723c751e8b465ee728b)
Start importing Assets/DigitalKonstrukt/Prototyping_Pack_Free/Resources/Textures/Proto_512.png using Guid(fd8d1dc362f2e464a8c6dd071b1abda9) Importer(815301076,1909f56bfc062723c751e8b465ee728b)  -> (artifact id: '29db65186d769abcbae8cc6c4f714a35') in 0.012689 seconds
  Import took 0.018635 seconds .

========================================================================
Received Import Request.
  Time since last request: 0.000381 seconds.
  path: Assets/DigitalKonstrukt/Prototyping_Pack_Free/Resources/Textures/proto_3.png
  artifactKey: Guid(2807688b9d7782c48b64d3ad546e6f16) Importer(815301076,1909f56bfc062723c751e8b465ee728b)
Start importing Assets/DigitalKonstrukt/Prototyping_Pack_Free/Resources/Textures/proto_3.png using Guid(2807688b9d7782c48b64d3ad546e6f16) Importer(815301076,1909f56bfc062723c751e8b465ee728b)  -> (artifact id: '2b4d0c0fe85d4fa81cf090aaae649119') in 0.011079 seconds
  Import took 0.015949 seconds .

========================================================================
Received Import Request.
  Time since last request: 0.000322 seconds.
  path: Assets/DigitalKonstrukt/Prototyping_Pack_Free/Resources/Textures/proto_interaction.png
  artifactKey: Guid(28974ca5cca518a41aaa5b621fb31a1b) Importer(815301076,1909f56bfc062723c751e8b465ee728b)
Start importing Assets/DigitalKonstrukt/Prototyping_Pack_Free/Resources/Textures/proto_interaction.png using Guid(28974ca5cca518a41aaa5b621fb31a1b) Importer(815301076,1909f56bfc062723c751e8b465ee728b)  -> (artifact id: '846e9a9078fd2a31bdb4ebfbe305a74a') in 0.012372 seconds
  Import took 0.017482 seconds .

AssetImportWorkerClient::OnTransportError - code=2 error=End of file
